# JRE version: Java(TM) SE Runtime Environment (8.0_161-b12) (build 1.8.0_161-b12)
# Java VM: Java HotSpot(TM) 64-Bit Server VM (25.161-b12 mixed mode windows-amd64 compressed oops)
Heap:
 PSYoungGen      total 1178624K, used 134924K [0x000000076ab00000, 0x00000007c0000000, 0x00000007c0000000)
  eden space 997376K, 2% used [0x000000076ab00000,0x000000076c040dd0,0x00000007a7900000)
  from space 181248K, 62% used [0x00000007a7900000,0x00000007ae7823b8,0x00000007b2a00000)
  to   space 189440K, 0% used [0x00000007b4700000,0x00000007b4700000,0x00000007c0000000)
 ParOldGen       total 1595904K, used 760284K [0x00000006c0000000, 0x0000000721680000, 0x000000076ab00000)
  object space 1595904K, 47% used [0x00000006c0000000,0x00000006ee677208,0x0000000721680000)
 Metaspace       used 190533K, capacity 205066K, committed 205352K, reserved 1210368K
  class space    used 36070K, capacity 45297K, committed 45352K, reserved 1048576K
GC Heap History (10 events):
Event: 81.148 GC heap before
{Heap before GC invocations=40 (full 5):
 PSYoungGen      total 1158144K, used 1040402K [0x000000076ab00000, 0x00000007bdf00000, 0x00000007c0000000)
  eden space 980992K, 100% used [0x000000076ab00000,0x00000007a6900000,0x00000007a6900000)
  from space 177152K, 33% used [0x00000007b3200000,0x00000007b6c04810,0x00000007bdf00000)
  to   space 191488K, 0% used [0x00000007a6900000,0x00000007a6900000,0x00000007b2400000)
 ParOldGen       total 1595904K, used 574243K [0x00000006c0000000, 0x0000000721680000, 0x000000076ab00000)
  object space 1595904K, 35% used [0x00000006c0000000,0x00000006e30c8f78,0x0000000721680000)
 Metaspace       used 166177K, capacity 179814K, committed 180136K, reserved 1189888K
  class space    used 31251K, capacity 40010K, committed 40104K, reserved 1048576K
Event: 81.221 GC heap after
Heap after GC invocations=40 (full 5):
 PSYoungGen      total 1172480K, used 146596K [0x000000076ab00000, 0x00000007c0000000, 0x00000007c0000000)
  eden space 980992K, 0% used [0x000000076ab00000,0x000000076ab00000,0x00000007a6900000)
  from space 191488K, 76% used [0x00000007a6900000,0x00000007af8292c0,0x00000007b2400000)
  to   space 211456K, 0% used [0x00000007b3180000,0x00000007b3180000,0x00000007c0000000)
 ParOldGen       total 1595904K, used 602512K [0x00000006c0000000, 0x0000000721680000, 0x000000076ab00000)
  object space 1595904K, 37% used [0x00000006c0000000,0x00000006e4c640e8,0x0000000721680000)
 Metaspace       used 166177K, capacity 179814K, committed 180136K, reserved 1189888K
  class space    used 31251K, capacity 40010K, committed 40104K, reserved 1048576K
}
Event: 83.879 GC heap before
{Heap before GC invocations=41 (full 5):
 PSYoungGen      total 1172480K, used 1127588K [0x000000076ab00000, 0x00000007c0000000, 0x00000007c0000000)
  eden space 980992K, 100% used [0x000000076ab00000,0x00000007a6900000,0x00000007a6900000)
  from space 191488K, 76% used [0x00000007a6900000,0x00000007af8292c0,0x00000007b2400000)
  to   space 211456K, 0% used [0x00000007b3180000,0x00000007b3180000,0x00000007c0000000)
 ParOldGen       total 1595904K, used 602512K [0x00000006c0000000, 0x0000000721680000, 0x000000076ab00000)
  object space 1595904K, 37% used [0x00000006c0000000,0x00000006e4c640e8,0x0000000721680000)
 Metaspace       used 172484K, capacity 186318K, committed 186792K, reserved 1193984K
  class space    used 32448K, capacity 41360K, committed 41384K, reserved 1048576K
Event: 83.973 GC heap after
Heap after GC invocations=41 (full 5):
 PSYoungGen      total 1195520K, used 34018K [0x000000076ab00000, 0x00000007c0000000, 0x00000007c0000000)
  eden space 984064K, 0% used [0x000000076ab00000,0x000000076ab00000,0x00000007a6c00000)
  from space 211456K, 16% used [0x00000007b3180000,0x00000007b52b88c0,0x00000007c0000000)
  to   space 202240K, 0% used [0x00000007a6c00000,0x00000007a6c00000,0x00000007b3180000)
 ParOldGen       total 1595904K, used 739732K [0x00000006c0000000, 0x0000000721680000, 0x000000076ab00000)
  object space 1595904K, 46% used [0x00000006c0000000,0x00000006ed2653c0,0x0000000721680000)
 Metaspace       used 172484K, capacity 186318K, committed 186792K, reserved 1193984K
  class space    used 32448K, capacity 41360K, committed 41384K, reserved 1048576K
}
Event: 86.335 GC heap before
{Heap before GC invocations=42 (full 5):
 PSYoungGen      total 1195520K, used 1018082K [0x000000076ab00000, 0x00000007c0000000, 0x00000007c0000000)
  eden space 984064K, 100% used [0x000000076ab00000,0x00000007a6c00000,0x00000007a6c00000)
  from space 211456K, 16% used [0x00000007b3180000,0x00000007b52b88c0,0x00000007c0000000)
  to   space 202240K, 0% used [0x00000007a6c00000,0x00000007a6c00000,0x00000007b3180000)
 ParOldGen       total 1595904K, used 739732K [0x00000006c0000000, 0x0000000721680000, 0x000000076ab00000)
  object space 1595904K, 46% used [0x00000006c0000000,0x00000006ed2653c0,0x0000000721680000)
 Metaspace       used 179090K, capacity 193084K, committed 193576K, reserved 1200128K
  class space    used 33992K, capacity 43001K, committed 43048K, reserved 1048576K
Event: 86.357 GC heap after
Heap after GC invocations=42 (full 5):
 PSYoungGen      total 1008128K, used 23954K [0x000000076ab00000, 0x00000007be800000, 0x00000007c0000000)
  eden space 984064K, 0% used [0x000000076ab00000,0x000000076ab00000,0x00000007a6c00000)
  from space 24064K, 99% used [0x00000007a6c00000,0x00000007a83649a8,0x00000007a8380000)
  to   space 194560K, 0% used [0x00000007b2a00000,0x00000007b2a00000,0x00000007be800000)
 ParOldGen       total 1595904K, used 760268K [0x00000006c0000000, 0x0000000721680000, 0x000000076ab00000)
  object space 1595904K, 47% used [0x00000006c0000000,0x00000006ee673208,0x0000000721680000)
 Metaspace       used 179090K, capacity 193084K, committed 193576K, reserved 1200128K
  class space    used 33992K, capacity 43001K, committed 43048K, reserved 1048576K
}
Event: 89.202 GC heap before
{Heap before GC invocations=43 (full 5):
 PSYoungGen      total 1008128K, used 1008018K [0x000000076ab00000, 0x00000007be800000, 0x00000007c0000000)
  eden space 984064K, 100% used [0x000000076ab00000,0x00000007a6c00000,0x00000007a6c00000)
  from space 24064K, 99% used [0x00000007a6c00000,0x00000007a83649a8,0x00000007a8380000)
  to   space 194560K, 0% used [0x00000007b2a00000,0x00000007b2a00000,0x00000007be800000)
 ParOldGen       total 1595904K, used 760268K [0x00000006c0000000, 0x0000000721680000, 0x000000076ab00000)
  object space 1595904K, 47% used [0x00000006c0000000,0x00000006ee673208,0x0000000721680000)
 Metaspace       used 185042K, capacity 199400K, committed 199976K, reserved 1204224K
  class space    used 35075K, capacity 44202K, committed 44328K, reserved 1048576K
Event: 89.244 GC heap after
Heap after GC invocations=43 (full 5):
 PSYoungGen      total 1191936K, used 57945K [0x000000076ab00000, 0x00000007c0000000, 0x00000007c0000000)
  eden space 997376K, 0% used [0x000000076ab00000,0x000000076ab00000,0x00000007a7900000)
  from space 194560K, 29% used [0x00000007b2a00000,0x00000007b6296478,0x00000007be800000)
  to   space 181248K, 0% used [0x00000007a7900000,0x00000007a7900000,0x00000007b2a00000)
 ParOldGen       total 1595904K, used 760276K [0x00000006c0000000, 0x0000000721680000, 0x000000076ab00000)
  object space 1595904K, 47% used [0x00000006c0000000,0x00000006ee675208,0x0000000721680000)
 Metaspace       used 185042K, capacity 199400K, committed 199976K, reserved 1204224K
  class space    used 35075K, capacity 44202K, committed 44328K, reserved 1048576K
}
Event: 93.037 GC heap before
{Heap before GC invocations=44 (full 5):
 PSYoungGen      total 1191936K, used 1055321K [0x000000076ab00000, 0x00000007c0000000, 0x00000007c0000000)
  eden space 997376K, 100% used [0x000000076ab00000,0x00000007a7900000,0x00000007a7900000)
  from space 194560K, 29% used [0x00000007b2a00000,0x00000007b6296478,0x00000007be800000)
  to   space 181248K, 0% used [0x00000007a7900000,0x00000007a7900000,0x00000007b2a00000)
 ParOldGen       total 1595904K, used 760276K [0x00000006c0000000, 0x0000000721680000, 0x000000076ab00000)
  object space 1595904K, 47% used [0x00000006c0000000,0x00000006ee675208,0x0000000721680000)
 Metaspace       used 190444K, capacity 204990K, committed 205352K, reserved 1210368K
  class space    used 36065K, capacity 45295K, committed 45352K, reserved 1048576K
Event: 93.085 GC heap after
Heap after GC invocations=44 (full 5):
 PSYoungGen      total 1178624K, used 113160K [0x000000076ab00000, 0x00000007c0000000, 0x00000007c0000000)
  eden space 997376K, 0% used [0x000000076ab00000,0x000000076ab00000,0x00000007a7900000)
  from space 181248K, 62% used [0x00000007a7900000,0x00000007ae7823b8,0x00000007b2a00000)
  to   space 189440K, 0% used [0x00000007b4700000,0x00000007b4700000,0x00000007c0000000)
 ParOldGen       total 1595904K, used 760284K [0x00000006c0000000, 0x0000000721680000, 0x000000076ab00000)
  object space 1595904K, 47% used [0x00000006c0000000,0x00000006ee677208,0x0000000721680000)
 Metaspace       used 190444K, capacity 204990K, committed 205352K, reserved 1210368K
  class space    used 36065K, capacity 45295K, committed 45352K, reserved 1048576K
}

